<?xml version="1.0" encoding="UTF-8"?>
<!-- Generated by org.testng.reporters.JUnitXMLReporter -->
<testsuite ignored="0" hostname="LAPTOP-UF24KI0Q" failures="0" tests="3" name="Test-1" time="48.895" errors="0" timestamp="2025-10-31T14:20:25 IST">
  <testcase classname="vtigerSingleAssignment.OrgSingleScriptTest" name="createOrgTest" time="6.029"/>
  <testcase classname="vtigerSingleAssignment.OrgSingleScriptTest" name="createOrgWithIndustryTest" time="14.403"/>
  <testcase classname="vtigerSingleAssignment.OrgSingleScriptTest" name="verifyPhNoTest" time="5.638"/>
</testsuite> <!-- Test-1 -->
