<?xml version="1.0" encoding="UTF-8"?>
<!-- Generated by org.testng.reporters.JUnitXMLReporter -->
<testsuite ignored="4" hostname="LAPTOP-UF24KI0Q" failures="0" tests="12" name="Test" time="101.877" errors="0" timestamp="2025-11-04T15:12:08 IST">
  <testcase classname="vtigerSingleAssignment.OrgSingleScriptTest" name="createOrgTest" time="8.501"/>
  <testcase classname="vtigerSingleAssignment.ContactSingleScriptTest" name="CreateNewContactWithPreOrgTest" time="14.359"/>
  <testcase classname="vtigerSingleAssignment.OrgSingleScriptTest" name="createOrgWithIndustryTest" time="6.961"/>
  <testcase classname="vtigerSingleAssignment.ProductSingleScriptTest" name="CreateInvoiceForTheProductTest" time="21.805"/>
  <testcase classname="vtigerSingleAssignment.ContactSingleScriptTest" name="createNewContactTest" time="5.336"/>
  <testcase classname="vtigerSingleAssignment.OrgSingleScriptTest" name="verifyPhNoTest" time="6.658"/>
  <testcase classname="vtigerSingleAssignment.ContactSingleScriptTest" name="enteringDateTest" time="6.17"/>
  <testcase classname="vtigerSingleAssignment.ProductSingleScriptTest" name="CreateQuoteForNewlyAddedProductTest" time="10.915"/>
  <testcase classname="vtigerSingleAssignment.ProductSingleScriptTest" name="FilterTheProductAndCreatePurchaseOrderTest" time="10.591"/>
  <testcase classname="vtigerSingleAssignment.ProductSingleScriptTest" name="changeTheProductAndVendarNameTest" time="13.419"/>
  <testcase classname="vtigerSingleAssignment.ProductSingleScriptTest" name="createProductTest" time="4.808"/>
  <testcase classname="vtigerSingleAssignment.ProductSingleScriptTest" name="createPurchaseOrderTest" time="8.332"/>
  <testcase classname="baseUtility.BaseClass" name="@AfterSuite configAS" time="0.0">
    <ignored/>
  </testcase> <!-- @AfterSuite configAS -->
  <testcase classname="baseUtility.BaseClass" name="@AfterSuite configAS" time="0.0">
    <ignored/>
  </testcase> <!-- @AfterSuite configAS -->
  <testcase classname="baseUtility.BaseClass" name="@BeforeSuite configBS" time="0.0">
    <ignored/>
  </testcase> <!-- @BeforeSuite configBS -->
  <testcase classname="baseUtility.BaseClass" name="@BeforeSuite configBS" time="0.0">
    <ignored/>
  </testcase> <!-- @BeforeSuite configBS -->
</testsuite> <!-- Test -->
