<?xml version="1.0" encoding="UTF-8"?>
<!-- Generated by org.testng.reporters.JUnitXMLReporter -->
<testsuite ignored="2" hostname="LAPTOP-UF24KI0Q" failures="0" tests="6" name="TestRunner-chrome" time="53.284" errors="0" timestamp="2025-10-28T15:35:35 IST">
  <testcase classname="vtigerSingleAssignment.OrgSingleScriptTest" name="createOrgTest" time="7.879"/>
  <testcase classname="vtigerSingleAssignment.OrgSingleScriptTest" name="createOrgWithIndustryTest" time="5.827"/>
  <testcase classname="vtigerSingleAssignment.OrgSingleScriptTest" name="verifyPhNoTest" time="4.723"/>
  <testcase classname="vtigerSingleAssignment.ContactSingleScriptTest" name="CreateNewContactWithPreOrgTest" time="12.005"/>
  <testcase classname="vtigerSingleAssignment.ContactSingleScriptTest" name="createNewContactTest" time="6.576"/>
  <testcase classname="vtigerSingleAssignment.ContactSingleScriptTest" name="enteringDateTest" time="4.903"/>
  <testcase classname="baseUtility.BaseClass" name="@BeforeSuite configBS" time="0.0">
    <ignored/>
  </testcase> <!-- @BeforeSuite configBS -->
  <testcase classname="baseUtility.BaseClass" name="@AfterSuite configAS" time="0.0">
    <ignored/>
  </testcase> <!-- @AfterSuite configAS -->
</testsuite> <!-- TestRunner-chrome -->
