<?xml version="1.0" encoding="UTF-8"?>
<testng-results ignored="0" total="6" passed="6" failed="0" skipped="0">
  <reporter-output>
  </reporter-output>
  <suite started-at="2025-11-14T13:03:02 IST" name="Default suite" finished-at="2025-11-14T13:04:14 IST" duration-ms="71414">
    <groups>
    </groups>
    <test started-at="2025-11-14T13:03:02 IST" name="Default test" finished-at="2025-11-14T13:04:14 IST" duration-ms="71414">
      <class name="vtigerSingleAssignment.ProductSingleScriptTest">
        <test-method is-config="true" signature="configBS()[pri:0, instance:vtigerSingleAssignment.ProductSingleScriptTest@fbd1f6]" started-at="2025-11-14T13:03:02 IST" name="configBS" finished-at="2025-11-14T13:03:02 IST" duration-ms="25" status="PASS">
          <reporter-output>
          </reporter-output>
        </test-method> <!-- configBS -->
        <test-method is-config="true" signature="configBC()[pri:0, instance:vtigerSingleAssignment.ProductSingleScriptTest@fbd1f6]" started-at="2025-11-14T13:03:02 IST" name="configBC" finished-at="2025-11-14T13:03:05 IST" duration-ms="2435" status="PASS">
          <reporter-output>
          </reporter-output>
        </test-method> <!-- configBC -->
        <test-method is-config="true" signature="configBM()[pri:0, instance:vtigerSingleAssignment.ProductSingleScriptTest@fbd1f6]" started-at="2025-11-14T13:03:05 IST" name="configBM" finished-at="2025-11-14T13:03:06 IST" duration-ms="1586" status="PASS">
          <reporter-output>
          </reporter-output>
        </test-method> <!-- configBM -->
        <test-method signature="CreateInvoiceForTheProductTest()[pri:0, instance:vtigerSingleAssignment.ProductSingleScriptTest@fbd1f6]" started-at="2025-11-14T13:03:07 IST" name="CreateInvoiceForTheProductTest" finished-at="2025-11-14T13:03:22 IST" duration-ms="15478" status="PASS">
          <reporter-output>
          </reporter-output>
        </test-method> <!-- CreateInvoiceForTheProductTest -->
        <test-method is-config="true" signature="configAM()[pri:0, instance:vtigerSingleAssignment.ProductSingleScriptTest@fbd1f6]" started-at="2025-11-14T13:03:22 IST" name="configAM" finished-at="2025-11-14T13:03:24 IST" duration-ms="1739" status="PASS">
          <reporter-output>
          </reporter-output>
        </test-method> <!-- configAM -->
        <test-method is-config="true" signature="configBM()[pri:0, instance:vtigerSingleAssignment.ProductSingleScriptTest@fbd1f6]" started-at="2025-11-14T13:03:24 IST" name="configBM" finished-at="2025-11-14T13:03:25 IST" duration-ms="1018" status="PASS">
          <reporter-output>
          </reporter-output>
        </test-method> <!-- configBM -->
        <test-method signature="CreateQuoteForNewlyAddedProductTest()[pri:0, instance:vtigerSingleAssignment.ProductSingleScriptTest@fbd1f6]" started-at="2025-11-14T13:03:25 IST" name="CreateQuoteForNewlyAddedProductTest" finished-at="2025-11-14T13:03:32 IST" duration-ms="7107" status="PASS">
          <reporter-output>
          </reporter-output>
        </test-method> <!-- CreateQuoteForNewlyAddedProductTest -->
        <test-method is-config="true" signature="configAM()[pri:0, instance:vtigerSingleAssignment.ProductSingleScriptTest@fbd1f6]" started-at="2025-11-14T13:03:32 IST" name="configAM" finished-at="2025-11-14T13:03:34 IST" duration-ms="1693" status="PASS">
          <reporter-output>
          </reporter-output>
        </test-method> <!-- configAM -->
        <test-method is-config="true" signature="configBM()[pri:0, instance:vtigerSingleAssignment.ProductSingleScriptTest@fbd1f6]" started-at="2025-11-14T13:03:34 IST" name="configBM" finished-at="2025-11-14T13:03:35 IST" duration-ms="1031" status="PASS">
          <reporter-output>
          </reporter-output>
        </test-method> <!-- configBM -->
        <test-method signature="FilterTheProductAndCreatePurchaseOrderTest()[pri:0, instance:vtigerSingleAssignment.ProductSingleScriptTest@fbd1f6]" started-at="2025-11-14T13:03:35 IST" name="FilterTheProductAndCreatePurchaseOrderTest" finished-at="2025-11-14T13:03:44 IST" duration-ms="9023" status="PASS">
          <reporter-output>
          </reporter-output>
        </test-method> <!-- FilterTheProductAndCreatePurchaseOrderTest -->
        <test-method is-config="true" signature="configAM()[pri:0, instance:vtigerSingleAssignment.ProductSingleScriptTest@fbd1f6]" started-at="2025-11-14T13:03:44 IST" name="configAM" finished-at="2025-11-14T13:03:45 IST" duration-ms="1709" status="PASS">
          <reporter-output>
          </reporter-output>
        </test-method> <!-- configAM -->
        <test-method is-config="true" signature="configBM()[pri:0, instance:vtigerSingleAssignment.ProductSingleScriptTest@fbd1f6]" started-at="2025-11-14T13:03:45 IST" name="configBM" finished-at="2025-11-14T13:03:46 IST" duration-ms="962" status="PASS">
          <reporter-output>
          </reporter-output>
        </test-method> <!-- configBM -->
        <test-method signature="changeTheProductAndVendarNameTest()[pri:0, instance:vtigerSingleAssignment.ProductSingleScriptTest@fbd1f6]" started-at="2025-11-14T13:03:46 IST" name="changeTheProductAndVendarNameTest" finished-at="2025-11-14T13:03:55 IST" duration-ms="9024" status="PASS">
          <reporter-output>
          </reporter-output>
        </test-method> <!-- changeTheProductAndVendarNameTest -->
        <test-method is-config="true" signature="configAM()[pri:0, instance:vtigerSingleAssignment.ProductSingleScriptTest@fbd1f6]" started-at="2025-11-14T13:03:55 IST" name="configAM" finished-at="2025-11-14T13:03:57 IST" duration-ms="1713" status="PASS">
          <reporter-output>
          </reporter-output>
        </test-method> <!-- configAM -->
        <test-method is-config="true" signature="configBM()[pri:0, instance:vtigerSingleAssignment.ProductSingleScriptTest@fbd1f6]" started-at="2025-11-14T13:03:57 IST" name="configBM" finished-at="2025-11-14T13:03:57 IST" duration-ms="149" status="PASS">
          <reporter-output>
          </reporter-output>
        </test-method> <!-- configBM -->
        <test-method signature="createProductTest()[pri:0, instance:vtigerSingleAssignment.ProductSingleScriptTest@fbd1f6]" started-at="2025-11-14T13:03:57 IST" name="createProductTest" finished-at="2025-11-14T13:04:02 IST" duration-ms="5035" status="PASS">
          <reporter-output>
          </reporter-output>
        </test-method> <!-- createProductTest -->
        <test-method is-config="true" signature="configAM()[pri:0, instance:vtigerSingleAssignment.ProductSingleScriptTest@fbd1f6]" started-at="2025-11-14T13:04:02 IST" name="configAM" finished-at="2025-11-14T13:04:04 IST" duration-ms="1676" status="PASS">
          <reporter-output>
          </reporter-output>
        </test-method> <!-- configAM -->
        <test-method is-config="true" signature="configBM()[pri:0, instance:vtigerSingleAssignment.ProductSingleScriptTest@fbd1f6]" started-at="2025-11-14T13:04:04 IST" name="configBM" finished-at="2025-11-14T13:04:05 IST" duration-ms="929" status="PASS">
          <reporter-output>
          </reporter-output>
        </test-method> <!-- configBM -->
        <test-method signature="createPurchaseOrderTest()[pri:0, instance:vtigerSingleAssignment.ProductSingleScriptTest@fbd1f6]" started-at="2025-11-14T13:04:05 IST" name="createPurchaseOrderTest" finished-at="2025-11-14T13:04:12 IST" duration-ms="7158" status="PASS">
          <reporter-output>
          </reporter-output>
        </test-method> <!-- createPurchaseOrderTest -->
        <test-method is-config="true" signature="configAM()[pri:0, instance:vtigerSingleAssignment.ProductSingleScriptTest@fbd1f6]" started-at="2025-11-14T13:04:12 IST" name="configAM" finished-at="2025-11-14T13:04:14 IST" duration-ms="1696" status="PASS">
          <reporter-output>
          </reporter-output>
        </test-method> <!-- configAM -->
        <test-method is-config="true" signature="configAC()[pri:0, instance:vtigerSingleAssignment.ProductSingleScriptTest@fbd1f6]" started-at="2025-11-14T13:04:14 IST" name="configAC" finished-at="2025-11-14T13:04:14 IST" duration-ms="206" status="PASS">
          <reporter-output>
          </reporter-output>
        </test-method> <!-- configAC -->
        <test-method is-config="true" signature="configAS()[pri:0, instance:vtigerSingleAssignment.ProductSingleScriptTest@fbd1f6]" started-at="2025-11-14T13:04:14 IST" name="configAS" finished-at="2025-11-14T13:04:14 IST" duration-ms="0" status="PASS">
          <reporter-output>
          </reporter-output>
        </test-method> <!-- configAS -->
      </class> <!-- vtigerSingleAssignment.ProductSingleScriptTest -->
    </test> <!-- Default test -->
  </suite> <!-- Default suite -->
</testng-results>
