<?xml version="1.0" encoding="UTF-8"?>
<testng-results ignored="0" total="1" passed="1" failed="0" skipped="0">
  <reporter-output>
  </reporter-output>
  <suite started-at="2025-11-07T15:56:45 IST" name="Default suite" finished-at="2025-11-07T15:58:31 IST" duration-ms="105550">
    <groups>
    </groups>
    <test started-at="2025-11-07T15:56:45 IST" name="Default test" finished-at="2025-11-07T15:58:31 IST" duration-ms="105550">
      <class name="mock.Spotify">
        <test-method is-config="true" signature="lounch()[pri:0, instance:mock.Spotify@1a677343]" started-at="2025-11-07T15:56:45 IST" name="lounch" finished-at="2025-11-07T15:57:10 IST" duration-ms="24486" status="PASS">
          <reporter-output>
          </reporter-output>
        </test-method> <!-- lounch -->
        <test-method signature="spotify()[pri:0, instance:mock.Spotify@1a677343]" started-at="2025-11-07T15:57:10 IST" name="spotify" finished-at="2025-11-07T15:58:31 IST" duration-ms="81008" status="PASS">
          <reporter-output>
          </reporter-output>
        </test-method> <!-- spotify -->
        <test-method is-config="true" signature="logOut()[pri:0, instance:mock.Spotify@1a677343]" started-at="2025-11-07T15:58:31 IST" name="logOut" finished-at="2025-11-07T15:58:31 IST" duration-ms="1" status="PASS">
          <reporter-output>
          </reporter-output>
        </test-method> <!-- logOut -->
      </class> <!-- mock.Spotify -->
    </test> <!-- Default test -->
  </suite> <!-- Default suite -->
</testng-results>
