<?xml version="1.0" encoding="UTF-8"?>
<!-- Generated by org.testng.reporters.JUnitReportReporter -->
<testsuite hostname="LAPTOP-UF24KI0Q" failures="0" tests="3" name="vtigerSingleAssignment.ContactSingleScriptTest" time="38.998" errors="0" timestamp="2025-11-04T15:12:09 IST" skipped="0">
  <testcase classname="vtigerSingleAssignment.ContactSingleScriptTest" name="enteringDateTest" time="9.489"/>
  <testcase classname="vtigerSingleAssignment.ContactSingleScriptTest" name="createNewContactTest" time="8.833"/>
  <testcase classname="vtigerSingleAssignment.ContactSingleScriptTest" name="CreateNewContactWithPreOrgTest" time="20.676"/>
</testsuite> <!-- vtigerSingleAssignment.ContactSingleScriptTest -->
