<?xml version="1.0" encoding="UTF-8"?>
<!-- Generated by org.testng.reporters.JUnitReportReporter -->
<testsuite hostname="LAPTOP-UF24KI0Q" failures="0" tests="6" name="vtigerSingleAssignment.ProductSingleScriptTest" time="96.370" errors="0" timestamp="2025-11-04T15:12:09 IST" skipped="0">
  <testcase classname="vtigerSingleAssignment.ProductSingleScriptTest" name="CreateQuoteForNewlyAddedProductTest" time="14.781"/>
  <testcase classname="vtigerSingleAssignment.ProductSingleScriptTest" name="createProductTest" time="8.224"/>
  <testcase classname="vtigerSingleAssignment.ProductSingleScriptTest" name="FilterTheProductAndCreatePurchaseOrderTest" time="15.170"/>
  <testcase classname="vtigerSingleAssignment.ProductSingleScriptTest" name="createPurchaseOrderTest" time="12.264"/>
  <testcase classname="vtigerSingleAssignment.ProductSingleScriptTest" name="changeTheProductAndVendarNameTest" time="20.107"/>
  <testcase classname="vtigerSingleAssignment.ProductSingleScriptTest" name="CreateInvoiceForTheProductTest" time="25.824"/>
</testsuite> <!-- vtigerSingleAssignment.ProductSingleScriptTest -->
