<?xml version="1.0" encoding="UTF-8"?>
<!-- Generated by org.testng.reporters.JUnitReportReporter -->
<testsuite hostname="LAPTOP-UF24KI0Q" failures="0" tests="3" name="vtigerSingleAssignment.OrgSingleScriptTest" time="35.190" errors="0" timestamp="2025-11-04T15:12:09 IST" skipped="0">
  <testcase classname="vtigerSingleAssignment.OrgSingleScriptTest" name="createOrgWithIndustryTest" time="12.820"/>
  <testcase classname="vtigerSingleAssignment.OrgSingleScriptTest" name="verifyPhNoTest" time="10.181"/>
  <testcase classname="vtigerSingleAssignment.OrgSingleScriptTest" name="createOrgTest" time="12.189"/>
</testsuite> <!-- vtigerSingleAssignment.OrgSingleScriptTest -->
