<?xml version="1.0" encoding="UTF-8"?>
<!-- Generated by org.testng.reporters.JUnitReportReporter -->
<testsuite hostname="LAPTOP-UF24KI0Q" failures="0" tests="3" name="myPractice.Nantha" time="0.009" errors="0" timestamp="2025-10-24T16:11:22 IST" skipped="0">
  <testcase classname="myPractice.Nantha" name="sample" time="0.007"/>
  <testcase classname="myPractice.Nantha" name="sample" time="0.001"/>
  <testcase classname="myPractice.Nantha" name="sample" time="0.001"/>
</testsuite> <!-- myPractice.Nantha -->
