<?xml version="1.0" encoding="UTF-8"?>
<!-- Generated by org.testng.reporters.JUnitReportReporter -->
<testsuite hostname="LAPTOP-UF24KI0Q" failures="0" tests="5" name="taskOn2510.AutomationPractice" time="23.195" errors="0" timestamp="2025-10-25T14:41:39 IST" skipped="0">
  <testcase classname="taskOn2510.AutomationPractice" name="DragAndDropTest" time="4.799"/>
  <testcase classname="taskOn2510.AutomationPractice" name="sliderTest" time="4.956"/>
  <testcase classname="taskOn2510.AutomationPractice" name="firefoxTest" time="3.883"/>
  <testcase classname="taskOn2510.AutomationPractice" name="uploadFileTest" time="5.444"/>
  <testcase classname="taskOn2510.AutomationPractice" name="routerTest" time="4.113"/>
</testsuite> <!-- taskOn2510.AutomationPractice -->
