<?xml version="1.0" encoding="UTF-8"?>
<!-- Generated by org.testng.reporters.JUnitReportReporter -->
<testsuite hostname="LAPTOP-UF24KI0Q" failures="0" tests="3" name="myPractice.DataProviderLearning" time="0.010" errors="0" timestamp="2025-10-24T15:55:46 IST" skipped="0">
  <testcase classname="myPractice.DataProviderLearning" name="login" time="0.008"/>
  <testcase classname="myPractice.DataProviderLearning" name="login" time="0.001"/>
  <testcase classname="myPractice.DataProviderLearning" name="login" time="0.001"/>
</testsuite> <!-- myPractice.DataProviderLearning -->
