<?xml version="1.0" encoding="UTF-8"?>
<!-- Generated by org.testng.reporters.JUnitReportReporter -->
<testsuite hostname="LAPTOP-UF24KI0Q" failures="0" tests="6" name="vtigerSingleAssignment.ProductSingleScriptTest" time="68.726" errors="0" timestamp="2025-11-14T13:04:14 IST" skipped="0">
  <testcase classname="vtigerSingleAssignment.ProductSingleScriptTest" name="CreateInvoiceForTheProductTest" time="18.172"/>
  <testcase classname="vtigerSingleAssignment.ProductSingleScriptTest" name="createPurchaseOrderTest" time="10.483"/>
  <testcase classname="vtigerSingleAssignment.ProductSingleScriptTest" name="CreateQuoteForNewlyAddedProductTest" time="9.762"/>
  <testcase classname="vtigerSingleAssignment.ProductSingleScriptTest" name="FilterTheProductAndCreatePurchaseOrderTest" time="11.750"/>
  <testcase classname="vtigerSingleAssignment.ProductSingleScriptTest" name="changeTheProductAndVendarNameTest" time="10.882"/>
  <testcase classname="vtigerSingleAssignment.ProductSingleScriptTest" name="createProductTest" time="7.677"/>
</testsuite> <!-- vtigerSingleAssignment.ProductSingleScriptTest -->
