<?xml version="1.0" encoding="UTF-8"?>
<!-- Generated by org.testng.reporters.JUnitXMLReporter -->
<testsuite ignored="2" hostname="LAPTOP-UF24KI0Q" failures="0" tests="1" name="Default test" time="17.124" errors="0" timestamp="2025-11-14T13:16:25 IST">
  <testcase classname="vtigerSingleAssignment.ContactSingleScriptTest" name="CreateNewContactWithPreOrgTest" time="10.646"/>
  <testcase classname="vtigerSingleAssignment.ContactSingleScriptTest" name="createNewContactTest" time="0.0">
    <ignored/>
  </testcase> <!-- createNewContactTest -->
  <testcase classname="vtigerSingleAssignment.ContactSingleScriptTest" name="enteringDateTest" time="0.0">
    <ignored/>
  </testcase> <!-- enteringDateTest -->
</testsuite> <!-- Default test -->
