<?xml version="1.0" encoding="UTF-8"?>
<!-- Generated by org.testng.reporters.JUnitXMLReporter -->
<testsuite ignored="0" hostname="LAPTOP-UF24KI0Q" failures="0" tests="6" name="Default test" time="71.414" errors="0" timestamp="2025-11-14T13:04:14 IST">
  <testcase classname="vtigerSingleAssignment.ProductSingleScriptTest" name="CreateInvoiceForTheProductTest" time="15.478"/>
  <testcase classname="vtigerSingleAssignment.ProductSingleScriptTest" name="CreateQuoteForNewlyAddedProductTest" time="7.107"/>
  <testcase classname="vtigerSingleAssignment.ProductSingleScriptTest" name="FilterTheProductAndCreatePurchaseOrderTest" time="9.023"/>
  <testcase classname="vtigerSingleAssignment.ProductSingleScriptTest" name="changeTheProductAndVendarNameTest" time="9.024"/>
  <testcase classname="vtigerSingleAssignment.ProductSingleScriptTest" name="createProductTest" time="5.035"/>
  <testcase classname="vtigerSingleAssignment.ProductSingleScriptTest" name="createPurchaseOrderTest" time="7.158"/>
</testsuite> <!-- Default test -->
